<?xml version="1.0" encoding="UTF-8"?>
<!-- Generated by org.testng.reporters.JUnitReportReporter -->
<testsuite hostname="ramme" failures="0" tests="1" name="excelData.ExcelDataCaptureTest" time="0.015" errors="0" timestamp="14 Jul 2019 07:23:17 GMT" skipped="0">
  <testcase classname="excelData.ExcelDataCaptureTest" name="voicer" time="0.015"/>
</testsuite> <!-- excelData.ExcelDataCaptureTest -->
