<?xml version="1.0" encoding="UTF-8"?>
<!-- Generated by org.testng.reporters.JUnitReportReporter -->
<testsuite hostname="ramme" failures="0" tests="1" name="excelData.UltimatixLogin" time="15.331" errors="0" timestamp="14 Jul 2019 10:42:55 GMT" skipped="0">
  <testcase classname="excelData.UltimatixLogin" name="UltimatixLogin" time="15.331"/>
</testsuite> <!-- excelData.UltimatixLogin -->
